SF:lib/data/repositories/auth_repository.dart
DA:3,0
DA:4,0
DA:5,0
LF:3
LH:0
end_of_record
SF:lib/features/auth/bloc/auth_state.dart
DA:11,2
DA:16,0
LF:2
LH:1
end_of_record
SF:lib/features/auth/bloc/auth_bloc.dart
DA:10,6
DA:11,4
DA:12,4
DA:14,8
DA:15,4
DA:17,0
LF:6
LH:5
end_of_record
SF:lib/features/auth/bloc/auth_event.dart
DA:8,2
LF:1
LH:1
end_of_record
SF:lib/features/auth/view/login_page.dart
DA:6,1
DA:8,1
DA:10,1
DA:11,1
DA:13,1
DA:14,1
DA:15,1
DA:16,1
DA:17,1
DA:18,1
DA:19,4
DA:22,1
DA:23,1
DA:26,1
DA:28,1
DA:29,1
DA:30,1
DA:33,1
DA:37,1
DA:38,1
DA:40,1
DA:41,4
LF:22
LH:22
end_of_record
SF:lib/features/auth/view/login_provider.dart
DA:8,1
DA:10,1
DA:11,1
DA:15,1
DA:17,1
DA:18,3
LF:6
LH:6
end_of_record
